{"timestamp": "2026-05-08 02:06:19,784", "level": "INFO", "logger": "safeguard.backend.api", "message": "Health endpoint checked.", "event_type": "health_check"}
{"timestamp": "2026-05-08 02:06:19,842", "level": "WARNING", "logger": "safeguard.backend.api", "message": "HTTP exception raised.", "event_type": "http_error", "details": {"path": "/model_info", "status_code": 401, "detail": "Authentication credentials were not provided."}}
{"timestamp": "2026-05-08 02:06:33,363", "level": "INFO", "logger": "safeguard.backend.api", "message": "Health endpoint checked.", "event_type": "health_check"}
{"timestamp": "2026-05-08 02:06:33,371", "level": "WARNING", "logger": "safeguard.backend.api", "message": "HTTP exception raised.", "event_type": "http_error", "details": {"path": "/model_info", "status_code": 401, "detail": "Authentication credentials were not provided."}}
{"timestamp": "2026-05-08 02:06:33,395", "level": "WARNING", "logger": "safeguard.backend.api", "message": "HTTP exception raised.", "event_type": "http_error", "details": {"path": "/stats", "status_code": 401, "detail": "Authentication credentials were not provided."}}
{"timestamp": "2026-05-08 02:06:33,403", "level": "WARNING", "logger": "safeguard.backend.api", "message": "HTTP exception raised.", "event_type": "http_error", "details": {"path": "/model_info", "status_code": 401, "detail": "Authentication credentials were not provided."}}
{"timestamp": "2026-05-08 02:06:33,420", "level": "WARNING", "logger": "safeguard.backend.api", "message": "HTTP exception raised.", "event_type": "http_error", "details": {"path": "/stats", "status_code": 401, "detail": "Authentication credentials were not provided."}}
{"timestamp": "2026-05-08 02:06:33,437", "level": "WARNING", "logger": "safeguard.backend.api", "message": "HTTP exception raised.", "event_type": "http_error", "details": {"path": "/model_info", "status_code": 401, "detail": "Authentication credentials were not provided."}}
{"timestamp": "2026-05-08 02:06:33,566", "level": "WARNING", "logger": "safeguard.backend.api", "message": "HTTP exception raised.", "event_type": "http_error", "details": {"path": "/stats", "status_code": 401, "detail": "Authentication credentials were not provided."}}
{"timestamp": "2026-05-08 02:06:33,580", "level": "WARNING", "logger": "safeguard.backend.api", "message": "HTTP exception raised.", "event_type": "http_error", "details": {"path": "/stats", "status_code": 401, "detail": "Authentication credentials were not provided."}}
{"timestamp": "2026-05-08 02:08:14,106", "level": "INFO", "logger": "safeguard.backend.api", "message": "Health endpoint checked.", "event_type": "health_check"}
{"timestamp": "2026-05-08 02:08:14,138", "level": "WARNING", "logger": "safeguard.backend.api", "message": "HTTP exception raised.", "event_type": "http_error", "details": {"path": "/model_info", "status_code": 401, "detail": "Authentication credentials were not provided."}}
{"timestamp": "2026-05-08 02:08:14,164", "level": "WARNING", "logger": "safeguard.backend.api", "message": "HTTP exception raised.", "event_type": "http_error", "details": {"path": "/model_info", "status_code": 401, "detail": "Authentication credentials were not provided."}}
{"timestamp": "2026-05-08 02:08:14,172", "level": "WARNING", "logger": "safeguard.backend.api", "message": "HTTP exception raised.", "event_type": "http_error", "details": {"path": "/stats", "status_code": 401, "detail": "Authentication credentials were not provided."}}
{"timestamp": "2026-05-08 02:08:14,188", "level": "WARNING", "logger": "safeguard.backend.api", "message": "HTTP exception raised.", "event_type": "http_error", "details": {"path": "/stats", "status_code": 401, "detail": "Authentication credentials were not provided."}}
{"timestamp": "2026-05-08 02:09:08,291", "level": "INFO", "logger": "safeguard.backend.api", "message": "Health endpoint checked.", "event_type": "health_check"}
{"timestamp": "2026-05-08 02:09:08,314", "level": "WARNING", "logger": "safeguard.backend.api", "message": "HTTP exception raised.", "event_type": "http_error", "details": {"path": "/model_info", "status_code": 401, "detail": "Authentication credentials were not provided."}}
{"timestamp": "2026-05-08 02:09:08,341", "level": "WARNING", "logger": "safeguard.backend.api", "message": "HTTP exception raised.", "event_type": "http_error", "details": {"path": "/model_info", "status_code": 401, "detail": "Authentication credentials were not provided."}}
{"timestamp": "2026-05-08 02:09:08,355", "level": "WARNING", "logger": "safeguard.backend.api", "message": "HTTP exception raised.", "event_type": "http_error", "details": {"path": "/stats", "status_code": 401, "detail": "Authentication credentials were not provided."}}
{"timestamp": "2026-05-08 02:09:08,362", "level": "WARNING", "logger": "safeguard.backend.api", "message": "HTTP exception raised.", "event_type": "http_error", "details": {"path": "/stats", "status_code": 401, "detail": "Authentication credentials were not provided."}}
{"timestamp": "2026-05-08 14:59:01,341", "level": "INFO", "logger": "safeguard.backend.api", "message": "Health endpoint checked.", "event_type": "health_check"}
{"timestamp": "2026-05-08 14:59:01,375", "level": "WARNING", "logger": "safeguard.backend.api", "message": "HTTP exception raised.", "event_type": "http_error", "details": {"path": "/model_info", "status_code": 401, "detail": "Authentication credentials were not provided."}}
{"timestamp": "2026-05-08 14:59:01,397", "level": "WARNING", "logger": "safeguard.backend.api", "message": "HTTP exception raised.", "event_type": "http_error", "details": {"path": "/model_info", "status_code": 401, "detail": "Authentication credentials were not provided."}}
{"timestamp": "2026-05-08 14:59:01,403", "level": "WARNING", "logger": "safeguard.backend.api", "message": "HTTP exception raised.", "event_type": "http_error", "details": {"path": "/stats", "status_code": 401, "detail": "Authentication credentials were not provided."}}
{"timestamp": "2026-05-08 14:59:01,419", "level": "WARNING", "logger": "safeguard.backend.api", "message": "HTTP exception raised.", "event_type": "http_error", "details": {"path": "/stats", "status_code": 401, "detail": "Authentication credentials were not provided."}}
{"timestamp": "2026-05-08 15:00:17,266", "level": "INFO", "logger": "safeguard.backend.api", "message": "Health endpoint checked.", "event_type": "health_check"}
{"timestamp": "2026-05-08 15:00:17,308", "level": "WARNING", "logger": "safeguard.backend.api", "message": "HTTP exception raised.", "event_type": "http_error", "details": {"path": "/model_info", "status_code": 401, "detail": "Authentication credentials were not provided."}}
{"timestamp": "2026-05-08 15:00:17,332", "level": "WARNING", "logger": "safeguard.backend.api", "message": "HTTP exception raised.", "event_type": "http_error", "details": {"path": "/model_info", "status_code": 401, "detail": "Authentication credentials were not provided."}}
{"timestamp": "2026-05-08 15:00:17,350", "level": "WARNING", "logger": "safeguard.backend.api", "message": "HTTP exception raised.", "event_type": "http_error", "details": {"path": "/stats", "status_code": 401, "detail": "Authentication credentials were not provided."}}
{"timestamp": "2026-05-08 15:00:17,368", "level": "WARNING", "logger": "safeguard.backend.api", "message": "HTTP exception raised.", "event_type": "http_error", "details": {"path": "/stats", "status_code": 401, "detail": "Authentication credentials were not provided."}}
{"timestamp": "2026-05-08 15:19:36,560", "level": "INFO", "logger": "safeguard.backend.api", "message": "Health endpoint checked.", "event_type": "health_check"}
{"timestamp": "2026-05-08 15:19:36,586", "level": "WARNING", "logger": "safeguard.backend.api", "message": "HTTP exception raised.", "event_type": "http_error", "details": {"path": "/model_info", "status_code": 401, "detail": "Authentication credentials were not provided."}}
{"timestamp": "2026-05-08 15:19:36,601", "level": "WARNING", "logger": "safeguard.backend.api", "message": "HTTP exception raised.", "event_type": "http_error", "details": {"path": "/model_info", "status_code": 401, "detail": "Authentication credentials were not provided."}}
{"timestamp": "2026-05-08 15:19:36,612", "level": "WARNING", "logger": "safeguard.backend.api", "message": "HTTP exception raised.", "event_type": "http_error", "details": {"path": "/stats", "status_code": 401, "detail": "Authentication credentials were not provided."}}
{"timestamp": "2026-05-08 15:19:36,622", "level": "WARNING", "logger": "safeguard.backend.api", "message": "HTTP exception raised.", "event_type": "http_error", "details": {"path": "/stats", "status_code": 401, "detail": "Authentication credentials were not provided."}}
{"timestamp": "2026-05-08 15:19:50,623", "level": "INFO", "logger": "safeguard.backend.api", "message": "Health endpoint checked.", "event_type": "health_check"}
{"timestamp": "2026-05-08 15:19:50,646", "level": "WARNING", "logger": "safeguard.backend.api", "message": "HTTP exception raised.", "event_type": "http_error", "details": {"path": "/model_info", "status_code": 401, "detail": "Authentication credentials were not provided."}}
{"timestamp": "2026-05-08 15:19:50,661", "level": "WARNING", "logger": "safeguard.backend.api", "message": "HTTP exception raised.", "event_type": "http_error", "details": {"path": "/model_info", "status_code": 401, "detail": "Authentication credentials were not provided."}}
{"timestamp": "2026-05-08 15:19:50,671", "level": "WARNING", "logger": "safeguard.backend.api", "message": "HTTP exception raised.", "event_type": "http_error", "details": {"path": "/stats", "status_code": 401, "detail": "Authentication credentials were not provided."}}
{"timestamp": "2026-05-08 15:19:50,682", "level": "WARNING", "logger": "safeguard.backend.api", "message": "HTTP exception raised.", "event_type": "http_error", "details": {"path": "/stats", "status_code": 401, "detail": "Authentication credentials were not provided."}}
{"timestamp": "2026-05-08 15:20:03,718", "level": "INFO", "logger": "safeguard.backend.api", "message": "Health endpoint checked.", "event_type": "health_check"}
{"timestamp": "2026-05-08 15:20:05,774", "level": "WARNING", "logger": "safeguard.backend.api", "message": "HTTP exception raised.", "event_type": "http_error", "details": {"path": "/model_info", "status_code": 401, "detail": "Authentication credentials were not provided."}}
{"timestamp": "2026-05-08 15:20:07,819", "level": "WARNING", "logger": "safeguard.backend.api", "message": "HTTP exception raised.", "event_type": "http_error", "details": {"path": "/model_info", "status_code": 401, "detail": "Authentication credentials were not provided."}}
{"timestamp": "2026-05-08 15:20:09,850", "level": "WARNING", "logger": "safeguard.backend.api", "message": "HTTP exception raised.", "event_type": "http_error", "details": {"path": "/stats", "status_code": 401, "detail": "Authentication credentials were not provided."}}
{"timestamp": "2026-05-08 15:20:11,919", "level": "WARNING", "logger": "safeguard.backend.api", "message": "HTTP exception raised.", "event_type": "http_error", "details": {"path": "/stats", "status_code": 401, "detail": "Authentication credentials were not provided."}}
{"timestamp": "2026-05-08 15:20:12,319", "level": "INFO", "logger": "safeguard.backend.api", "message": "Health endpoint checked.", "event_type": "health_check"}
{"timestamp": "2026-05-08 15:20:14,379", "level": "INFO", "logger": "safeguard.backend.api", "message": "Create-admin endpoint called.", "event_type": "create_admin_attempt", "username": "SohaibShahid@Admin"}
{"timestamp": "2026-05-08 15:20:14,385", "level": "WARNING", "logger": "safeguard.backend.api", "message": "HTTP exception raised.", "event_type": "http_error", "details": {"path": "/auth/create-admin", "status_code": 401, "detail": "Authentication required to create additional admin users."}}
{"timestamp": "2026-05-08 15:20:16,436", "level": "WARNING", "logger": "safeguard.backend.api", "message": "HTTP exception raised.", "event_type": "http_error", "details": {"path": "/model_info", "status_code": 401, "detail": "Authentication credentials were not provided."}}
{"timestamp": "2026-05-08 15:20:18,495", "level": "WARNING", "logger": "safeguard.backend.api", "message": "HTTP exception raised.", "event_type": "http_error", "details": {"path": "/model_info", "status_code": 401, "detail": "Authentication credentials were not provided."}}
{"timestamp": "2026-05-08 15:20:20,544", "level": "WARNING", "logger": "safeguard.backend.api", "message": "HTTP exception raised.", "event_type": "http_error", "details": {"path": "/stats", "status_code": 401, "detail": "Authentication credentials were not provided."}}
{"timestamp": "2026-05-08 15:20:22,586", "level": "WARNING", "logger": "safeguard.backend.api", "message": "HTTP exception raised.", "event_type": "http_error", "details": {"path": "/stats", "status_code": 401, "detail": "Authentication credentials were not provided."}}
{"timestamp": "2026-05-08 15:22:17,538", "level": "INFO", "logger": "safeguard.backend.api", "message": "Health endpoint checked.", "event_type": "health_check"}
{"timestamp": "2026-05-08 15:22:17,559", "level": "WARNING", "logger": "safeguard.backend.api", "message": "HTTP exception raised.", "event_type": "http_error", "details": {"path": "/model_info", "status_code": 401, "detail": "Authentication credentials were not provided."}}
{"timestamp": "2026-05-08 15:22:17,575", "level": "WARNING", "logger": "safeguard.backend.api", "message": "HTTP exception raised.", "event_type": "http_error", "details": {"path": "/model_info", "status_code": 401, "detail": "Authentication credentials were not provided."}}
{"timestamp": "2026-05-08 15:22:17,583", "level": "WARNING", "logger": "safeguard.backend.api", "message": "HTTP exception raised.", "event_type": "http_error", "details": {"path": "/stats", "status_code": 401, "detail": "Authentication credentials were not provided."}}
{"timestamp": "2026-05-08 15:22:17,593", "level": "WARNING", "logger": "safeguard.backend.api", "message": "HTTP exception raised.", "event_type": "http_error", "details": {"path": "/stats", "status_code": 401, "detail": "Authentication credentials were not provided."}}
